mode: set
github.com/openware/openfinex/pkg/cryptocom/client.go:53.62,64.2 1 1
github.com/openware/openfinex/pkg/cryptocom/client.go:67.34,72.16 4 0
github.com/openware/openfinex/pkg/cryptocom/client.go:76.2,77.16 2 0
github.com/openware/openfinex/pkg/cryptocom/client.go:81.2,84.12 3 0
github.com/openware/openfinex/pkg/cryptocom/client.go:72.16,74.3 1 0
github.com/openware/openfinex/pkg/cryptocom/client.go:77.16,79.3 1 0
github.com/openware/openfinex/pkg/cryptocom/client.go:87.43,91.2 3 1
github.com/openware/openfinex/pkg/cryptocom/client.go:93.29,98.2 3 0
github.com/openware/openfinex/pkg/cryptocom/client.go:100.74,102.16 2 0
github.com/openware/openfinex/pkg/cryptocom/client.go:106.2,108.15 2 0
github.com/openware/openfinex/pkg/cryptocom/client.go:114.2,114.12 1 0
github.com/openware/openfinex/pkg/cryptocom/client.go:102.16,104.3 1 0
github.com/openware/openfinex/pkg/cryptocom/client.go:108.15,110.3 1 0
github.com/openware/openfinex/pkg/cryptocom/client.go:110.8,112.3 1 0
github.com/openware/openfinex/pkg/cryptocom/client.go:117.49,119.6 2 1
github.com/openware/openfinex/pkg/cryptocom/client.go:119.6,121.17 2 1
github.com/openware/openfinex/pkg/cryptocom/client.go:155.3,157.17 3 1
github.com/openware/openfinex/pkg/cryptocom/client.go:162.3,162.42 1 1
github.com/openware/openfinex/pkg/cryptocom/client.go:167.3,167.21 1 1
github.com/openware/openfinex/pkg/cryptocom/client.go:121.17,123.8 2 0
github.com/openware/openfinex/pkg/cryptocom/client.go:150.4,150.12 1 0
github.com/openware/openfinex/pkg/cryptocom/client.go:123.8,125.19 2 0
github.com/openware/openfinex/pkg/cryptocom/client.go:129.5,132.25 3 0
github.com/openware/openfinex/pkg/cryptocom/client.go:145.5,147.10 3 0
github.com/openware/openfinex/pkg/cryptocom/client.go:125.19,126.14 1 0
github.com/openware/openfinex/pkg/cryptocom/client.go:132.25,135.32 3 0
github.com/openware/openfinex/pkg/cryptocom/client.go:135.32,137.7 1 0
github.com/openware/openfinex/pkg/cryptocom/client.go:138.11,140.31 2 0
github.com/openware/openfinex/pkg/cryptocom/client.go:140.31,142.7 1 0
github.com/openware/openfinex/pkg/cryptocom/client.go:157.17,159.12 2 0
github.com/openware/openfinex/pkg/cryptocom/client.go:162.42,164.12 2 0
github.com/openware/openfinex/pkg/cryptocom/client.go:171.48,176.29 3 1
github.com/openware/openfinex/pkg/cryptocom/client.go:180.2,184.19 5 1
github.com/openware/openfinex/pkg/cryptocom/client.go:176.29,178.3 1 1
github.com/openware/openfinex/pkg/cryptocom/client.go:187.33,190.2 2 0
github.com/openware/openfinex/pkg/cryptocom/client.go:192.68,195.2 2 1
github.com/openware/openfinex/pkg/cryptocom/client.go:197.67,200.2 2 1
github.com/openware/openfinex/pkg/cryptocom/client.go:202.55,205.16 2 1
github.com/openware/openfinex/pkg/cryptocom/client.go:209.2,209.61 1 1
github.com/openware/openfinex/pkg/cryptocom/client.go:205.16,207.3 1 0
github.com/openware/openfinex/pkg/cryptocom/client.go:212.54,215.16 2 1
github.com/openware/openfinex/pkg/cryptocom/client.go:220.2,220.60 1 1
github.com/openware/openfinex/pkg/cryptocom/client.go:215.16,217.3 1 0
github.com/openware/openfinex/pkg/cryptocom/client.go:223.62,224.30 1 1
github.com/openware/openfinex/pkg/cryptocom/client.go:224.30,226.3 1 1
github.com/openware/openfinex/pkg/cryptocom/client.go:229.63,230.30 1 1
github.com/openware/openfinex/pkg/cryptocom/client.go:230.30,232.3 1 1
github.com/openware/openfinex/pkg/cryptocom/requests.go:10.41,21.2 3 1
github.com/openware/openfinex/pkg/cryptocom/requests.go:23.63,31.2 1 1
github.com/openware/openfinex/pkg/cryptocom/requests.go:33.54,39.2 1 1
github.com/openware/openfinex/pkg/cryptocom/requests.go:41.73,56.2 1 1
github.com/openware/openfinex/pkg/cryptocom/requests.go:58.73,69.2 1 1
github.com/openware/openfinex/pkg/cryptocom/requests.go:72.76,82.2 1 1
github.com/openware/openfinex/pkg/cryptocom/requests.go:84.77,94.2 1 1
github.com/openware/openfinex/pkg/cryptocom/requests.go:96.81,110.2 3 1
github.com/openware/openfinex/pkg/cryptocom/requests.go:112.60,124.2 3 1
github.com/openware/openfinex/pkg/cryptocom/requests.go:126.74,140.2 3 1
github.com/openware/openfinex/pkg/cryptocom/requests.go:142.99,158.2 3 1
github.com/openware/openfinex/pkg/cryptocom/rest_actions.go:12.83,15.16 3 1
github.com/openware/openfinex/pkg/cryptocom/rest_actions.go:19.2,22.16 3 1
github.com/openware/openfinex/pkg/cryptocom/rest_actions.go:25.2,30.20 4 1
github.com/openware/openfinex/pkg/cryptocom/rest_actions.go:15.16,17.3 1 0
github.com/openware/openfinex/pkg/cryptocom/rest_actions.go:22.16,24.3 1 1
github.com/openware/openfinex/pkg/cryptocom/rest_actions.go:33.62,36.16 3 1
github.com/openware/openfinex/pkg/cryptocom/rest_actions.go:40.2,41.16 2 1
github.com/openware/openfinex/pkg/cryptocom/rest_actions.go:44.2,49.20 4 1
github.com/openware/openfinex/pkg/cryptocom/rest_actions.go:36.16,38.3 1 0
github.com/openware/openfinex/pkg/cryptocom/rest_actions.go:41.16,43.3 1 1
github.com/openware/openfinex/pkg/cryptocom/rest_actions.go:52.76,55.16 3 1
github.com/openware/openfinex/pkg/cryptocom/rest_actions.go:59.2,60.16 2 1
github.com/openware/openfinex/pkg/cryptocom/rest_actions.go:63.2,68.20 4 1
github.com/openware/openfinex/pkg/cryptocom/rest_actions.go:55.16,57.3 1 0
github.com/openware/openfinex/pkg/cryptocom/rest_actions.go:60.16,62.3 1 1
github.com/openware/openfinex/pkg/cryptocom/rest_actions.go:71.107,74.16 3 1
github.com/openware/openfinex/pkg/cryptocom/rest_actions.go:78.2,79.16 2 1
github.com/openware/openfinex/pkg/cryptocom/rest_actions.go:82.2,87.20 4 1
github.com/openware/openfinex/pkg/cryptocom/rest_actions.go:74.16,76.3 1 0
github.com/openware/openfinex/pkg/cryptocom/rest_actions.go:79.16,81.3 1 1
github.com/openware/openfinex/pkg/cryptocom/types.go:40.29,42.2 1 1
github.com/openware/openfinex/pkg/cryptocom/types.go:44.44,45.16 1 1
github.com/openware/openfinex/pkg/cryptocom/types.go:46.19,53.5 1 1
github.com/openware/openfinex/pkg/cryptocom/types.go:54.86,62.5 1 1
github.com/openware/openfinex/pkg/cryptocom/types.go:63.38,69.5 1 1
github.com/openware/openfinex/pkg/cryptocom/types.go:71.17,75.5 1 1
github.com/openware/openfinex/pkg/cryptocom/types.go:76.10,77.41 1 1
github.com/openware/openfinex/pkg/cryptocom/ws_actions.go:12.65,14.28 2 1
github.com/openware/openfinex/pkg/cryptocom/ws_actions.go:18.2,18.17 1 1
github.com/openware/openfinex/pkg/cryptocom/ws_actions.go:14.28,16.3 1 1
github.com/openware/openfinex/pkg/cryptocom/ws_actions.go:23.65,24.54 1 1
github.com/openware/openfinex/pkg/cryptocom/ws_actions.go:28.2,29.16 2 1
github.com/openware/openfinex/pkg/cryptocom/ws_actions.go:33.2,34.12 2 1
github.com/openware/openfinex/pkg/cryptocom/ws_actions.go:24.54,26.3 1 1
github.com/openware/openfinex/pkg/cryptocom/ws_actions.go:29.16,31.3 1 0
github.com/openware/openfinex/pkg/cryptocom/ws_actions.go:40.79,41.54 1 1
github.com/openware/openfinex/pkg/cryptocom/ws_actions.go:45.2,46.16 2 1
github.com/openware/openfinex/pkg/cryptocom/ws_actions.go:50.2,51.12 2 1
github.com/openware/openfinex/pkg/cryptocom/ws_actions.go:41.54,43.3 1 1
github.com/openware/openfinex/pkg/cryptocom/ws_actions.go:46.16,48.3 1 0
github.com/openware/openfinex/pkg/cryptocom/ws_actions.go:55.66,56.54 1 1
github.com/openware/openfinex/pkg/cryptocom/ws_actions.go:60.2,61.16 2 1
github.com/openware/openfinex/pkg/cryptocom/ws_actions.go:64.2,65.12 2 1
github.com/openware/openfinex/pkg/cryptocom/ws_actions.go:56.54,58.3 1 1
github.com/openware/openfinex/pkg/cryptocom/ws_actions.go:61.16,63.3 1 0
github.com/openware/openfinex/pkg/cryptocom/ws_actions.go:68.66,69.54 1 1
github.com/openware/openfinex/pkg/cryptocom/ws_actions.go:73.2,74.16 2 1
github.com/openware/openfinex/pkg/cryptocom/ws_actions.go:78.2,79.12 2 1
github.com/openware/openfinex/pkg/cryptocom/ws_actions.go:69.54,71.3 1 1
github.com/openware/openfinex/pkg/cryptocom/ws_actions.go:74.16,76.3 1 0
github.com/openware/openfinex/pkg/cryptocom/ws_actions.go:82.66,90.16 3 1
github.com/openware/openfinex/pkg/cryptocom/ws_actions.go:94.2,95.12 2 1
github.com/openware/openfinex/pkg/cryptocom/ws_actions.go:90.16,92.3 1 0
github.com/openware/openfinex/pkg/cryptocom/ws_actions.go:98.57,102.16 3 1
github.com/openware/openfinex/pkg/cryptocom/ws_actions.go:106.2,107.12 2 1
github.com/openware/openfinex/pkg/cryptocom/ws_actions.go:102.16,104.3 1 0
github.com/openware/openfinex/pkg/cryptocom/ws_actions.go:110.63,113.2 2 1
github.com/openware/openfinex/pkg/cryptocom/ws_actions.go:115.63,118.2 2 1
github.com/openware/openfinex/pkg/cryptocom/ws_actions.go:120.66,123.2 2 1
github.com/openware/openfinex/pkg/cryptocom/ws_actions.go:125.67,128.2 2 1
github.com/openware/openfinex/pkg/cryptocom/ws_actions.go:130.59,133.15 2 1
github.com/openware/openfinex/pkg/cryptocom/ws_actions.go:133.15,135.3 1 1
github.com/openware/openfinex/pkg/cryptocom/ws_actions.go:135.8,137.3 1 1
